This is XeTeX, Version 3.1415926-2.2-0.9997.4 (TeX Live 2010) (format=xelatex 2010.7.21)  23 NOV 2010 13:50
entering extended mode
 restricted \write18 enabled.
 %&-line parsing enabled.
**thesis.tex
(./thesis.tex
LaTeX2e <2009/09/24>
Babel <v3.8l> and hyphenation patterns for english, dumylang, nohyphenation, ge
rman-x-2009-06-19, ngerman-x-2009-06-19, ancientgreek, ibycus, arabic, armenian
, basque, bulgarian, catalan, pinyin, coptic, croatian, czech, danish, dutch, u
kenglish, usenglishmax, esperanto, estonian, farsi, finnish, french, galician, 
german, ngerman, swissgerman, monogreek, greek, hungarian, icelandic, assamese,
 bengali, gujarati, hindi, kannada, malayalam, marathi, oriya, panjabi, tamil, 
telugu, indonesian, interlingua, irish, italian, kurmanji, lao, latin, latvian,
 lithuanian, mongolian, mongolianlmc, bokmal, nynorsk, polish, portuguese, roma
nian, russian, sanskrit, serbian, slovak, slovenian, spanish, swedish, turkish,
 turkmen, ukrainian, uppersorbian, welsh, loaded.
(./harvard-thesis.cls
Document Class: harvard-thesis 2009/04/09 v0.1 Harvard University Thesis Class
(/usr/local/texlive/2010/texmf-dist/tex/latex/base/book.cls
Document Class: book 2007/10/19 v1.4h Standard LaTeX document class
(/usr/local/texlive/2010/texmf-dist/tex/latex/base/bk11.clo
File: bk11.clo 2007/10/19 v1.4h Standard LaTeX file (size option)
)
\c@part=\count80
\c@chapter=\count81
\c@section=\count82
\c@subsection=\count83
\c@subsubsection=\count84
\c@paragraph=\count85
\c@subparagraph=\count86
\c@figure=\count87
\c@table=\count88
\abovecaptionskip=\skip41
\belowcaptionskip=\skip42
\bibindent=\dimen102
)
(/usr/local/texlive/2010/texmf-dist/tex/latex/graphics/graphicx.sty
Package: graphicx 1999/02/16 v1.0f Enhanced LaTeX Graphics (DPC,SPQR)

(/usr/local/texlive/2010/texmf-dist/tex/latex/graphics/keyval.sty
Package: keyval 1999/03/16 v1.13 key=value parser (DPC)
\KV@toks@=\toks14
)
(/usr/local/texlive/2010/texmf-dist/tex/latex/graphics/graphics.sty
Package: graphics 2009/02/05 v1.0o Standard LaTeX Graphics (DPC,SPQR)

(/usr/local/texlive/2010/texmf-dist/tex/latex/graphics/trig.sty
Package: trig 1999/03/16 v1.09 sin cos tan (DPC)
)
(/usr/local/texlive/2010/texmf-dist/tex/latex/latexconfig/graphics.cfg
File: graphics.cfg 2010/04/23 v1.9 graphics configuration of TeX Live
)
Package graphics Info: Driver file: xetex.def on input line 91.

(/usr/local/texlive/2010/texmf-dist/tex/xelatex/xetex-def/xetex.def
File: xetex.def 2009/11/22 v0.94 LaTeX color/graphics driver for XeTeX (RRM/JK)

))
\Gin@req@height=\dimen103
\Gin@req@width=\dimen104
)
(/usr/local/texlive/2010/texmf-dist/tex/latex/amsfonts/amssymb.sty
Package: amssymb 2009/06/22 v3.00

(/usr/local/texlive/2010/texmf-dist/tex/latex/amsfonts/amsfonts.sty
Package: amsfonts 2009/06/22 v3.00 Basic AMSFonts support
\@emptytoks=\toks15
\symAMSa=\mathgroup4
\symAMSb=\mathgroup5
LaTeX Font Info:    Overwriting math alphabet `\mathfrak' in version `bold'
(Font)                  U/euf/m/n --> U/euf/b/n on input line 96.
))
(/usr/local/texlive/2010/texmf-dist/tex/latex/natbib/natbib.sty
Package: natbib 2009/11/07 8.31a (PWD, AO)
\bibhang=\skip43
\bibsep=\skip44
LaTeX Info: Redefining \cite on input line 694.
\c@NAT@ctr=\count89
)
(/usr/local/texlive/2010/texmf-dist/tex/latex/geometry/geometry.sty
Package: geometry 2010/07/13 v5.5 Page Geometry

(/usr/local/texlive/2010/texmf-dist/tex/generic/oberdiek/ifpdf.sty
Package: ifpdf 2010/01/28 v2.1 Provides the ifpdf switch (HO)
Package ifpdf Info: pdfTeX in pdf mode not detected.
)
(/usr/local/texlive/2010/texmf-dist/tex/generic/oberdiek/ifvtex.sty
Package: ifvtex 2010/03/01 v1.5 Switches for detecting VTeX and its modes (HO)
Package ifvtex Info: VTeX not detected.
)
\Gm@cnth=\count90
\Gm@cntv=\count91
\c@Gm@tempcnt=\count92
\Gm@bindingoffset=\dimen105
\Gm@wd@mp=\dimen106
\Gm@odd@mp=\dimen107
\Gm@even@mp=\dimen108
\Gm@layoutwidth=\dimen109
\Gm@layoutheight=\dimen110
\Gm@layouthoffset=\dimen111
\Gm@layoutvoffset=\dimen112
\Gm@dimlist=\toks16
)
(/usr/local/texlive/2010/texmf-dist/tex/latex/quotchap/quotchap.sty
Package: quotchap 1998/02/09 v0.9f Decorative Chapter Headings with Quotes

(/usr/local/texlive/2010/texmf-dist/tex/latex/graphics/color.sty
Package: color 2005/11/14 v1.0j Standard LaTeX Color (DPC)

(/usr/local/texlive/2010/texmf-dist/tex/latex/latexconfig/color.cfg
File: color.cfg 2007/01/18 v1.5 color configuration of teTeX/TeXLive
)
Package color Info: Driver file: xetex.def on input line 130.
)
\@quotebox=\box26
)
(/usr/local/texlive/2010/texmf-dist/tex/latex/titling/titling.sty
Package: titling 2009/09/04 v2.1d maketitle typesetting
\thanksmarkwidth=\skip45
\thanksmargin=\skip46
\droptitle=\skip47
)
(/usr/local/texlive/2010/texmf-dist/tex/latex/setspace/setspace.sty
Package: setspace 2000/12/01 6.7 Contributed and Supported LaTeX2e package

Package: `setspace' 6.7 <2000/12/01>
) (/usr/local/texlive/2010/texmf-dist/tex/latex/booktabs/booktabs.sty
Package: booktabs 2005/04/14 v1.61803 publication quality tables
\heavyrulewidth=\dimen113
\lightrulewidth=\dimen114
\cmidrulewidth=\dimen115
\belowrulesep=\dimen116
\belowbottomsep=\dimen117
\aboverulesep=\dimen118
\abovetopsep=\dimen119
\cmidrulesep=\dimen120
\cmidrulekern=\dimen121
\defaultaddspace=\dimen122
\@cmidla=\count93
\@cmidlb=\count94
\@aboverulesep=\dimen123
\@belowrulesep=\dimen124
\@thisruleclass=\count95
\@lastruleclass=\count96
\@thisrulewidth=\dimen125
)
(/usr/local/texlive/2010/texmf-dist/tex/latex/units/units.sty
Package: units 1998/08/04 v0.9b Typesetting units

(/usr/local/texlive/2010/texmf-dist/tex/latex/base/ifthen.sty
Package: ifthen 2001/05/26 v1.1c Standard LaTeX ifthen package (DPC)
)
(/usr/local/texlive/2010/texmf-dist/tex/latex/units/nicefrac.sty
Package: nicefrac 1998/08/04 v0.9b Nice fractions
\L@UnitsRaiseDisplaystyle=\skip48
\L@UnitsRaiseTextstyle=\skip49
\L@UnitsRaiseScriptstyle=\skip50
LaTeX Info: Redefining \nicefrac on input line 131.
))
(/usr/local/texlive/2010/texmf-dist/tex/latex/tools/verbatim.sty
Package: verbatim 2003/08/22 v1.5q LaTeX2e package for verbatim enhancements
\every@verbatim=\toks17
\verbatim@line=\toks18
\verbatim@in@stream=\read1
)
(/usr/local/texlive/2010/texmf-dist/tex/latex/fancyhdr/fancyhdr.sty
\fancy@headwidth=\skip51
\f@ncyO@elh=\skip52
\f@ncyO@erh=\skip53
\f@ncyO@olh=\skip54
\f@ncyO@orh=\skip55
\f@ncyO@elf=\skip56
\f@ncyO@erf=\skip57
\f@ncyO@olf=\skip58
\f@ncyO@orf=\skip59
)
(/usr/local/texlive/2010/texmf-dist/tex/latex/caption/caption.sty
Package: caption 2010/01/09 v3.1m Customizing captions (AR)

(/usr/local/texlive/2010/texmf-dist/tex/latex/caption/caption3.sty
Package: caption3 2010/01/14 v3.1m caption3 kernel (AR)
\captionmargin=\dimen126
\captionmargin@=\dimen127
\captionwidth=\dimen128
\caption@indent=\dimen129
\caption@parindent=\dimen130
\caption@hangindent=\dimen131
)
\c@ContinuedFloat=\count97
)
(/usr/local/texlive/2010/texmf-dist/tex/xelatex/mathspec/mathspec.sty
Package: mathspec 2009/09/30 v0.2 LaTeX Package (Mathematics font selection for
 XeLaTeX)

(/usr/local/texlive/2010/texmf-dist/tex/latex/etoolbox/etoolbox.sty
Package: etoolbox 2010/04/10 v1.9 e-TeX tools for LaTeX

(/usr/local/texlive/2010/texmf-dist/tex/latex/etex-pkg/etex.sty
Package: etex 1998/03/26 v2.0 eTeX basic definition package (PEB)
\et@xins=\count98
)
\etb@tempcnta=\count99
)
(/usr/local/texlive/2010/texmf-dist/tex/latex/amsmath/amstext.sty
Package: amstext 2000/06/29 v2.01

(/usr/local/texlive/2010/texmf-dist/tex/latex/amsmath/amsgen.sty
File: amsgen.sty 1999/11/30 v2.0
\@emptytoks=\toks19
\ex@=\dimen132
))
(/usr/local/texlive/2010/texmf-dist/tex/generic/ifxetex/ifxetex.sty
Package: ifxetex 2009/01/23 v0.5 Provides ifxetex conditional
)
(/usr/local/texlive/2010/texmf-dist/tex/latex/fontspec/fontspec.sty
Package: fontspec 2010/07/14 v2.0b Advanced font selection for XeLaTeX/LuaLaTeX


(/usr/local/texlive/2010/texmf-dist/tex/latex/expl3/expl3.sty
(/usr/local/texlive/2010/texmf-dist/tex/latex/expl3/l3names.sty
Package: l3names 2010/07/11 v1981 L3 Experimental Naming Scheme for TeX Primiti
ves
)
Package: expl3 2010/07/13 v1982 L3 Experimental code bundle wrapper

(/usr/local/texlive/2010/texmf-dist/tex/latex/expl3/l3basics.sty
Package: l3basics 2010/06/07 v1942 L3 Experimental basic definitions
)
(/usr/local/texlive/2010/texmf-dist/tex/latex/expl3/l3expan.sty
Package: l3expan 2010/06/10 v1948 L3 Experimental Argument Expansion module
)
(/usr/local/texlive/2010/texmf-dist/tex/latex/expl3/l3tl.sty
Package: l3tl 2010/05/22 v1919 L3 Experimental Token Lists
)
(/usr/local/texlive/2010/texmf-dist/tex/latex/expl3/l3intexpr.sty
Package: l3intexpr 2010/06/15 v1957 L3 Integer Expressions
)
(/usr/local/texlive/2010/texmf-dist/tex/latex/expl3/l3quark.sty
Package: l3quark 2010/03/21 v1853 L3 Experimental Quark Commands
)
(/usr/local/texlive/2010/texmf-dist/tex/latex/expl3/l3seq.sty
Package: l3seq 2010/03/29 v1879 L3 Experimental sequences and stacks
)
(/usr/local/texlive/2010/texmf-dist/tex/latex/expl3/l3toks.sty
Package: l3toks 2010/05/25 v1933 L3 Experimental Token Registers
\l_tmpb_toks=\toks20
\l_tmpc_toks=\toks21
\g_tmpa_toks=\toks22
\g_tmpb_toks=\toks23
\g_tmpc_toks=\toks24
\c_empty_toks=\toks25
\l_tl_replace_toks=\toks26
)
(/usr/local/texlive/2010/texmf-dist/tex/latex/expl3/l3int.sty
Package: l3int 2010/05/25 v1933 L3 Experimental Integer module
\l_tmpa_int=\count100
\l_tmpb_int=\count101
\l_tmpc_int=\count102
\g_tmpa_int=\count103
\g_tmpb_int=\count104
\c_max_int=\count105
\g_tl_inline_level_int=\count106
)
(/usr/local/texlive/2010/texmf-dist/tex/latex/expl3/l3prg.sty
Package: l3prg 2010/03/21 v1853 L3 Experimental control structures
\g_prg_inline_level_int=\count107
)
(/usr/local/texlive/2010/texmf-dist/tex/latex/expl3/l3clist.sty
Package: l3clist 2010/03/29 v1878 L3 Experimental comma separated lists
\g_clist_inline_level_int=\count108
)
(/usr/local/texlive/2010/texmf-dist/tex/latex/expl3/l3token.sty
Package: l3token 2010/04/11 v1890 L3 Experimental token investigation and manip
ulation
)
(/usr/local/texlive/2010/texmf-dist/tex/latex/expl3/l3prop.sty
Package: l3prop 2010/03/21 v1857 L3 Experimental Property Lists
\g_prop_inline_level_int=\count109
)
(/usr/local/texlive/2010/texmf-dist/tex/latex/expl3/l3msg.sty
Package: l3msg 2010/03/23 v1866 L3 Experimental LaTeX Messages module
\l_msg_redirect_classes_prop=\toks27
\l_msg_redirect_names_prop=\toks28
\l_msg_redirect_fatal_prop=\toks29
\l_msg_redirect_error_prop=\toks30
\l_msg_redirect_warning_prop=\toks31
\l_msg_redirect_info_prop=\toks32
\l_msg_redirect_log_prop=\toks33
\l_msg_redirect_trace_prop=\toks34
\l_msg_redirect_none_prop=\toks35
)
(/usr/local/texlive/2010/texmf-dist/tex/latex/expl3/l3io.sty
Package: l3io 2010/05/22 v1923 L3 Experimental i/o module
\g_iow_streams_prop=\toks36
\g_ior_streams_prop=\toks37
\l_iow_stream_int=\count110
)
(/usr/local/texlive/2010/texmf-dist/tex/latex/expl3/l3skip.sty
Package: l3skip 2010/05/25 v1933 L3 Experimental skip registers
\l_tmpa_skip=\skip60
\l_tmpb_skip=\skip61
\l_tmpc_skip=\skip62
\g_tmpa_skip=\skip63
\g_tmpb_skip=\skip64
\l_tmpa_dim=\dimen133
\l_tmpb_dim=\dimen134
\l_tmpc_dim=\dimen135
\l_tmpd_dim=\dimen136
\g_tmpa_dim=\dimen137
\g_tmpb_dim=\dimen138
)
(/usr/local/texlive/2010/texmf-dist/tex/latex/expl3/l3box.sty
Package: l3box 2010/05/22 v1919 L3 Experimental Box module
\l_tmpb_box=\box27
)
(/usr/local/texlive/2010/texmf-dist/tex/latex/expl3/l3keyval.sty
Package: l3keyval 2010/04/11 v1890 L3 Experimental keyval processing
\l_KV_level_int=\count111
)
(/usr/local/texlive/2010/texmf-dist/tex/latex/expl3/l3keys.sty
Package: l3keys 2010/05/24 v1931 L3 Experimental key-value support
\l_keys_choice_int=\count112
)
(/usr/local/texlive/2010/texmf-dist/tex/latex/expl3/l3precom.sty
Package: l3precom 2010/02/09 v1793 L3 Experimental precompilation module
\g_gen_sym_int=\count113
\g_ggen_sym_int=\count114
)
(/usr/local/texlive/2010/texmf-dist/tex/latex/expl3/l3xref.sty
Package: l3xref 2010/02/09 v1786 L3 Experimental cross referencing
\g_xref_all_curr_immediate_fields_prop=\toks38
\g_xref_all_curr_deferred_fields_prop=\toks39
)
(/usr/local/texlive/2010/texmf-dist/tex/latex/expl3/l3file.sty
Package: l3file 2010/03/21 v1853 L3 Experimental file loading
)
(/usr/local/texlive/2010/texmf-dist/tex/latex/expl3/l3fp.sty
Package: l3fp 2010/07/08 v1979 L3 Experimental floating-point operations
\l_fp_input_a_integer_int=\count115
\l_fp_input_a_decimal_int=\count116
\l_fp_input_b_integer_int=\count117
\l_fp_input_b_decimal_int=\count118
\l_fp_input_a_sign_int=\count119
\l_fp_input_b_sign_int=\count120
\l_fp_split_sign_int=\count121
\l_fp_mul_a_i_int=\count122
\l_fp_mul_a_ii_int=\count123
\l_fp_mul_a_iii_int=\count124
\l_fp_mul_a_iv_int=\count125
\l_fp_mul_a_v_int=\count126
\l_fp_mul_a_vi_int=\count127
\l_fp_mul_b_i_int=\count128
\l_fp_mul_b_ii_int=\count129
\l_fp_mul_b_iii_int=\count130
\l_fp_mul_b_iv_int=\count131
\l_fp_mul_b_v_int=\count132
\l_fp_mul_b_vi_int=\count133
\l_fp_mul_output_int=\count134
\l_fp_div_count_int=\count135
\l_fp_div_offset_int=\count136
\l_fp_output_sign_int=\count137
\l_fp_output_integer_int=\count138
\l_fp_output_decimal_int=\count139
\l_fp_round_discard_int=\count140
\l_fp_round_position_int=\count141
\l_fp_tmp_int=\count142
\c_one_hundred_million=\count143
\c_one_thousand_million=\count144
\l_fp_tmp_dim=\dimen139
\l_fp_round_precision_int=\count145
)
(/usr/local/texlive/2010/texmf-dist/tex/latex/tools/calc.sty
Package: calc 2007/08/22 v4.3 Infix arithmetic (KKT,FJ)
\calc@Acount=\count146
\calc@Bcount=\count147
\calc@Adimen=\dimen140
\calc@Bdimen=\dimen141
\calc@Askip=\skip65
\calc@Bskip=\skip66
LaTeX Info: Redefining \setlength on input line 76.
LaTeX Info: Redefining \addtolength on input line 77.
\calc@Ccount=\count148
\calc@Cskip=\skip67
))
(/usr/local/texlive/2010/texmf-dist/tex/latex/xpackages/xbase/xparse.sty
Package: xparse 2010/05/23 v1927 Generic document command parser
\c_xparse_shorthands_prop=\toks40
\l_xparse_m_args_int=\count149
\l_xparse_mandatory_args_int=\count150
\l_xparse_processor_int=\count151
\l_xparse_total_args_int=\count152
)
(/usr/local/texlive/2010/texmf-dist/tex/generic/kastrup/binhex.tex)
\c@zf@newff=\count153
\c@zf@index=\count154
\c@zf@script=\count155
\c@zf@language=\count156
\l_fontspec_strnum_int=\count157

(/usr/local/texlive/2010/texmf-dist/tex/latex/xkeyval/xkeyval.sty
Package: xkeyval 2008/08/13 v2.6a package option processing (HA)

(/usr/local/texlive/2010/texmf-dist/tex/generic/xkeyval/xkeyval.tex
\XKV@toks=\toks41
\XKV@tempa@toks=\toks42
\XKV@depth=\count158
File: xkeyval.tex 2008/08/13 v2.6a key=value parser (HA)
))
(/usr/local/texlive/2010/texmf-dist/tex/latex/fontspec/fontspec-patches.sty
Package: fontspec-patches 2010/07/14 v2.0b Advanced font selection for XeLaTeX/
LuaLaTeX

(/usr/local/texlive/2010/texmf-dist/tex/latex/base/fixltx2e.sty
Package: fixltx2e 2006/09/13 v1.1m fixes to LaTeX
LaTeX Info: Redefining \em on input line 420.
)
LaTeX Info: Redefining \em on input line 23.
LaTeX Info: Redefining \emph on input line 27.
LaTeX Info: Redefining \- on input line 30.
)
(/usr/local/texlive/2010/texmf-dist/tex/latex/base/fontenc.sty
Package: fontenc 2005/09/27 v1.99g Standard LaTeX package

(/usr/local/texlive/2010/texmf-dist/tex/latex/euenc/eu1enc.def
File: eu1enc.def 2010/05/27 v0.1g Experimental Unicode font encodings
)
LaTeX Font Info:    Try loading font information for EU1+lmr on input line 100.


(/usr/local/texlive/2010/texmf-dist/tex/latex/euenc/eu1lmr.fd
File: eu1lmr.fd 2009/10/30 v1.6 Font defs for Latin Modern
))
 LaTeX Info: Defining document command \fontspec
(LaTeX)  with arg. spec. 'O{}m' on line 264.

 LaTeX Info: Defining document command \setmainfont
(LaTeX)  with arg. spec. 'O{}m' on line 268.

 LaTeX Info: Defining document command \setsansfont
(LaTeX)  with arg. spec. 'O{}m' on line 272.

 LaTeX Info: Defining document command \setmonofont
(LaTeX)  with arg. spec. 'O{}m' on line 276.

 LaTeX Info: Defining document command \setmathrm
(LaTeX)  with arg. spec. 'O{}m' on line 280.

 LaTeX Info: Defining document command \setboldmathrm
(LaTeX)  with arg. spec. 'O{}m' on line 283.

 LaTeX Info: Defining document command \setmathsf
(LaTeX)  with arg. spec. 'O{}m' on line 286.

 LaTeX Info: Defining document command \setmathtt
(LaTeX)  with arg. spec. 'O{}m' on line 289.

 LaTeX Info: Defining document command \newfontfamily
(LaTeX)  with arg. spec. 'mO{}m' on line 304.

 LaTeX Info: Defining document command \newfontface
(LaTeX)  with arg. spec. 'mO{}m' on line 307.

 LaTeX Info: Defining document command \defaultfontfeatures
(LaTeX)  with arg. spec. 'm' on line 308.

 LaTeX Info: Defining document command \addfontfeatures
(LaTeX)  with arg. spec. 'm' on line 325.

 LaTeX Info: Defining document command \newfontfeature
(LaTeX)  with arg. spec. 'mm' on line 334.

 LaTeX Info: Defining document command \newAATfeature
(LaTeX)  with arg. spec. 'mmmm' on line 343.

 LaTeX Info: Defining document command \newICUfeature
(LaTeX)  with arg. spec. 'mmm' on line 352.

 LaTeX Info: Defining document command \aliasfontfeature
(LaTeX)  with arg. spec. 'mm' on line 354.

 LaTeX Info: Defining document command \aliasfontfeatureoption
(LaTeX)  with arg. spec. 'mmm' on line 357.

 LaTeX Info: Defining document command \newfontscript
(LaTeX)  with arg. spec. 'mm' on line 362.

 LaTeX Info: Defining document command \newfontlanguage
(LaTeX)  with arg. spec. 'mm' on line 379.

 LaTeX Info: Defining document command \DeclareFontsExtensions
(LaTeX)  with arg. spec. 'm' on line 395.

\c@fontspec_tmp_int=\count159
LaTeX Info: Redefining \itshape on input line 1903.
LaTeX Info: Redefining \slshape on input line 1907.
LaTeX Info: Redefining \scshape on input line 1911.
LaTeX Info: Redefining \upshape on input line 1915.

fontspec.cfg loaded.
(/usr/local/texlive/2010/texmf-dist/tex/latex/fontspec/fontspec.cfg))
\c@eu@=\count160
\c@eu@i=\count161
\c@mkern=\count162
)
\c@zf@famc@Minion Pro=\count163
 fontspec Info: Defining font family for 'Minion Pro' with options [Numbers={Ol
dStyle,Proportional}].

Package fontspec Info: Defining shape m/n with raw font features:
(fontspec)             +onum;+pnum;.
Package fontspec Info: Defining shape m/sc with raw font features:
(fontspec)             +onum;+pnum;.
Package fontspec Info: Defining shape bx/n with raw font features:
(fontspec)             +onum;+pnum;.
Package fontspec Info: Defining shape bx/sc with raw font features:
(fontspec)             +onum;+pnum;.
Package fontspec Info: Defining shape m/it with raw font features:
(fontspec)             +onum;+pnum;.
Package fontspec Info: Defining shape m/si with raw font features:
(fontspec)             +onum;+pnum;.
Package fontspec Info: Defining shape bx/it with raw font features:
(fontspec)             +onum;+pnum;.
Package fontspec Info: Defining shape bx/si with raw font features:
(fontspec)             +onum;+pnum;.
\symDigits:m:n=\mathgroup6
\symLatin:m:n=\mathgroup7
\symLatin:m:it=\mathgroup8
\symGreek:m:n=\mathgroup9
\symGreek:m:it=\mathgroup10

(/usr/local/texlive/2010/texmf-dist/tex/xelatex/xltxtra/xltxtra.sty
Package: xltxtra 2010/06/03 v0.5d Improvements for the "XeLaTeX" format

(/usr/local/texlive/2010/texmf-dist/tex/generic/oberdiek/ifluatex.sty
Package: ifluatex 2010/03/01 v1.3 Provides the ifluatex switch (HO)
Package ifluatex Info: LuaTeX not detected.
)
(/usr/local/texlive/2010/texmf-dist/tex/xelatex/xunicode/xunicode.sty
File: xunicode.sty 2008/02/08 v0.91 provides access to latin accents and many o
ther characters in Unicode lower plane
)
(/usr/local/texlive/2010/texmf-dist/tex/latex/metalogo/metalogo.sty
Package: metalogo 2010/05/29 v0.12 Extended TeX logo macros
\xl@everylogo=\toks43
\xl@@everylogo=\toks44
LaTeX Info: Redefining \TeX on input line 193.
LaTeX Info: Redefining \LaTeX on input line 202.
LaTeX Info: Redefining \LaTeXe on input line 219.
)
LaTeX Info: Redefining \textsubscript on input line 62.
LaTeX Info: Redefining \textsuperscript on input line 64.
\xxt@tempbox=\box28
)
 fontspec Info: Defining font family for 'Minion Pro' with options [Mapping=tex
-text, Numbers=OldStyle,Mapping=tex-text].

Package fontspec Info: Defining shape m/n with raw font features:
(fontspec)             mapping=tex-text;+onum;mapping=tex-text;.
Package fontspec Info: Defining shape m/sc with raw font features:
(fontspec)             mapping=tex-text;+onum;mapping=tex-text;.
Package fontspec Info: Defining shape bx/n with raw font features:
(fontspec)             mapping=tex-text;+onum;mapping=tex-text;.
Package fontspec Info: Defining shape bx/sc with raw font features:
(fontspec)             mapping=tex-text;+onum;mapping=tex-text;.
Package fontspec Info: Defining shape m/it with raw font features:
(fontspec)             mapping=tex-text;+onum;mapping=tex-text;.
Package fontspec Info: Defining shape m/si with raw font features:
(fontspec)             mapping=tex-text;+onum;mapping=tex-text;.
Package fontspec Info: Defining shape bx/it with raw font features:
(fontspec)             mapping=tex-text;+onum;mapping=tex-text;.
Package fontspec Info: Defining shape bx/si with raw font features:
(fontspec)             mapping=tex-text;+onum;mapping=tex-text;.

 fontspec Warning: AAT feature 'Numbers=OldStyle' (21,0) not available
(fontspec)  in font 'Helvetica Neue'.

 fontspec Info: Helvetica Neue scale = 0.84447.

\c@zf@famc@Helvetica Neue=\count164
 fontspec Info: Defining font family for 'Helvetica Neue' with options [Mapping
=tex-text, Numbers=OldStyle,Scale=MatchLowercase,Mapping=tex-text].

 fontspec Warning: AAT feature 'Numbers=OldStyle' (21,0) not available
(fontspec)  in font 'Helvetica Neue'.

 fontspec Info: Helvetica Neue scale = 0.84447.

Package fontspec Info: Defining shape m/n with raw font features:
(fontspec)             mapping=tex-text;mapping=tex-text;.
 fontspec Warning: AAT feature 'Numbers=OldStyle' (21,0) not available
(fontspec)  in font 'Helvetica Neue/B'.

 fontspec Info: Helvetica Neue/B scale = 0.84447.

Package fontspec Info: Defining shape bx/n with raw font features:
(fontspec)             mapping=tex-text;mapping=tex-text;.
 fontspec Warning: AAT feature 'Numbers=OldStyle' (21,0) not available
(fontspec)  in font 'Helvetica Neue/I'.

 fontspec Info: Helvetica Neue/I scale = 0.84447.

Package fontspec Info: Defining shape m/it with raw font features:
(fontspec)             mapping=tex-text;mapping=tex-text;.
 fontspec Warning: AAT feature 'Numbers=OldStyle' (21,0) not available
(fontspec)  in font 'Helvetica Neue/BI'.

 fontspec Info: Helvetica Neue/BI scale = 0.84447.

Package fontspec Info: Defining shape bx/it with raw font features:
(fontspec)             mapping=tex-text;mapping=tex-text;.
 fontspec Warning: OpenType feature 'Numbers=OldStyle' (+onum) not available
(fontspec)  for font 'Courier New',
(fontspec)  with script 'Latin', and language 'Default'.

 fontspec Info: Courier New scale = 1.03212.

\c@zf@famc@Courier New=\count165
 fontspec Info: Defining font family for 'Courier New' with options [Mapping=te
x-text, Numbers=OldStyle,Scale=MatchLowercase].

 fontspec Warning: OpenType feature 'Numbers=OldStyle' (+onum) not available
(fontspec)  for font 'Courier New',
(fontspec)  with script 'Latin', and language 'Default'.

 fontspec Info: Courier New scale = 1.03212.

Package fontspec Info: Defining shape m/n with raw font features:
(fontspec)             mapping=tex-text;.
 fontspec Warning: OpenType feature 'Numbers=OldStyle' (+onum) not available
(fontspec)  for font 'Courier New/B',
(fontspec)  with script 'Latin', and language 'Default'.

 fontspec Info: Courier New/B scale = 0.98471.

Package fontspec Info: Defining shape bx/n with raw font features:
(fontspec)             mapping=tex-text;.
 fontspec Warning: OpenType feature 'Numbers=OldStyle' (+onum) not available
(fontspec)  for font 'Courier New/I',
(fontspec)  with script 'Latin', and language 'Default'.

 fontspec Info: Courier New/I scale = 1.03212.

Package fontspec Info: Defining shape m/it with raw font features:
(fontspec)             mapping=tex-text;.
 fontspec Warning: OpenType feature 'Numbers=OldStyle' (+onum) not available
(fontspec)  for font 'Courier New/BI',
(fontspec)  with script 'Latin', and language 'Default'.

 fontspec Info: Courier New/BI scale = 0.98471.

Package fontspec Info: Defining shape bx/it with raw font features:
(fontspec)             mapping=tex-text;.
) (./thesis.aux (./chapters/chapter1.aux) (./chapters/chapter2.aux)
(./chapters/chapter3.aux))
\openout1 = `thesis.aux'.

LaTeX Font Info:    Checking defaults for OML/cmm/m/it on input line 6.
LaTeX Font Info:    ... okay on input line 6.
LaTeX Font Info:    Checking defaults for T1/cmr/m/n on input line 6.
LaTeX Font Info:    ... okay on input line 6.
LaTeX Font Info:    Checking defaults for OT1/cmr/m/n on input line 6.
LaTeX Font Info:    ... okay on input line 6.
LaTeX Font Info:    Checking defaults for OMS/cmsy/m/n on input line 6.
LaTeX Font Info:    ... okay on input line 6.
LaTeX Font Info:    Checking defaults for OMX/cmex/m/n on input line 6.
LaTeX Font Info:    ... okay on input line 6.
LaTeX Font Info:    Checking defaults for U/cmr/m/n on input line 6.
LaTeX Font Info:    ... okay on input line 6.
LaTeX Font Info:    Checking defaults for EU1/lmr/m/n on input line 6.
LaTeX Font Info:    ... okay on input line 6.

*geometry* driver: auto-detecting
*geometry* detected driver: xetex
*geometry* verbose mode - [ preamble ] result:
* driver: xetex
* paper: <default>
* layout: <same size as paper>
* layoutoffset:(h,v)=(0.0pt,0.0pt)
* modes: 
* h-part:(L,W,R)=(92.14519pt, 430.00462pt, 92.14519pt)
* v-part:(T,H,B)=(95.39737pt, 556.47656pt, 143.09605pt)
* \paperwidth=614.295pt
* \paperheight=794.96999pt
* \textwidth=430.00462pt
* \textheight=556.47656pt
* \oddsidemargin=19.8752pt
* \evensidemargin=19.8752pt
* \topmargin=-8.74641pt
* \headheight=12.0pt
* \headsep=19.8738pt
* \topskip=11.0pt
* \footskip=27.46295pt
* \marginparwidth=62.0pt
* \marginparsep=7.0pt
* \columnsep=10.0pt
* \skip\footins=10.0pt plus 4.0pt minus 2.0pt
* \hoffset=0.0pt
* \voffset=0.0pt
* \mag=1000
* \@twocolumnfalse
* \@twosidefalse
* \@mparswitchfalse
* \@reversemarginfalse
* (1in=72.27pt=25.4mm, 1cm=28.453pt)

Package caption Info: Begin \AtBeginDocument code.
(/usr/local/texlive/2010/texmf-dist/tex/latex/ms/ragged2e.sty
Package: ragged2e 2009/05/21 v2.1 ragged2e Package (MS)

(/usr/local/texlive/2010/texmf-dist/tex/latex/ms/everysel.sty
Package: everysel 2009/05/30 v1.1 EverySelectfont Package (MS)
LaTeX Info: Redefining \selectfont on input line 117.
)
\CenteringLeftskip=\skip68
\RaggedLeftLeftskip=\skip69
\RaggedRightLeftskip=\skip70
\CenteringRightskip=\skip71
\RaggedLeftRightskip=\skip72
\RaggedRightRightskip=\skip73
\CenteringParfillskip=\skip74
\RaggedLeftParfillskip=\skip75
\RaggedRightParfillskip=\skip76
\JustifyingParfillskip=\skip77
\CenteringParindent=\skip78
\RaggedLeftParindent=\skip79
\RaggedRightParindent=\skip80
\JustifyingParindent=\skip81
)
Package caption Info: End \AtBeginDocument code.

(./frontmatter/coverpage.tex) [1

] [2] (./frontmatter/abstract.tex)

Package Fancyhdr Warning: \headheight is too small (12.0pt): 
 Make it at least 13.59999pt.
 We now make it that large for the rest of the document.
 This may cause the page layout to be inconsistent, however.

[3]
LaTeX Font Info:    Try loading font information for T1+pbk on input line 13.
 (/usr/local/texlive/2010/texmf-dist/tex/latex/psnfss/t1pbk.fd
File: t1pbk.fd 2001/06/04 font definitions for T1/pbk.
)
LaTeX Font Info:    Font shape `T1/pbk/b/n' in size <20.74> not available
(Font)              Font shape `T1/pbk/db/n' tried instead on input line 13.
LaTeX Font Info:    Font shape `T1/pbk/b/n' in size <100> not available
(Font)              Font shape `T1/pbk/db/n' tried instead on input line 13.

(./thesis.toc
LaTeX Font Info:    Try loading font information for U+msa on input line 2.
 (/usr/local/texlive/2010/texmf-dist/tex/latex/amsfonts/umsa.fd
File: umsa.fd 2009/06/22 v3.00 AMS symbols A
)
LaTeX Font Info:    Try loading font information for U+msb on input line 2.

(/usr/local/texlive/2010/texmf-dist/tex/latex/amsfonts/umsb.fd
File: umsb.fd 2009/06/22 v3.00 AMS symbols B
))
\tf@toc=\write3
\openout3 = `thesis.toc'.

 [4

]
(./frontmatter/dedication.tex) [5] (./frontmatter/thanks.tex) [6]
\openout2 = `chapters/chapter1.aux'.


(./chapters/chapter1.tex
LaTeX Font Info:    Font shape `EU1/MinionPro(1)/m/sl' in size <9> not availabl
e
(Font)              Font shape `EU1/MinionPro(1)/m/it' tried instead on input l
ine 1.

Chapter 1.
[1


] [2] [3] [4] [5] [6]) [7]
\openout2 = `chapters/chapter2.aux'.

 (./chapters/chapter2.tex
Chapter 2.
File: figures/fig1.pdf Graphic file (type QTm)
<use  "figures/fig1.pdf" >
LaTeX Font Info:    Font shape `EU1/HelveticaNeue(0)/m/n' will be
(Font)              scaled to size 9.2469pt on input line 16.
LaTeX Font Info:    Font shape `EU1/HelveticaNeue(0)/bx/n' will be
(Font)              scaled to size 9.2469pt on input line 16.
LaTeX Font Info:    Font shape `EU1/HelveticaNeue(0)/bx/n' will be
(Font)              scaled to size 7.6002pt on input line 16.
LaTeX Font Info:    Font shape `EU1/HelveticaNeue(0)/m/n' will be
(Font)              scaled to size 7.6002pt on input line 16.


LaTeX Warning: `h' float specifier changed to `ht'.

File: figures/fig2.pdf Graphic file (type QTm)
<use  "figures/fig2.pdf" > [8



] [9] [10] [11]
File: figures/fig3.pdf Graphic file (type QTm)
 <use  "figures/fig3.pdf" >
[12] [13] [14]
Overfull \hbox (22.8618pt too wide) in paragraph at lines 87--88
\EU1/MinionPro(1)/m/n/10.95 Supplemental Data includes four movies and can be f
ound with this article online at http://bit.ly/cW0YCB. 
 []

) [15] [16]
\openout2 = `chapters/chapter3.aux'.

 (./chapters/chapter3.tex
Chapter 3.
[17



] [18] [19] [20] [21]) [22]
No file thesis.bbl.
(./thesis.aux (./chapters/chapter1.aux) (./chapters/chapter2.aux)
(./chapters/chapter3.aux)) ) 
Here is how much of TeX's memory you used:
 13392 strings out of 494542
 230140 string characters out of 3157455
 302064 words of memory out of 3000000
 16353 multiletter control sequences out of 15000+200000
 10346 words of font info for 75 fonts, out of 3000000 for 9000
 669 hyphenation exceptions out of 8191
 51i,11n,87p,1462b,384s stack positions out of 5000i,500n,10000p,200000b,50000s

Output written on thesis.pdf (28 pages).
